[30-Jun-2019 23:05:33 UTC] PHP Parse error:  syntax error, unexpected '<', expecting end of file in phar:///usr/local/bin/wp/vendor/wp-cli/wp-cli/php/WP_CLI/SynopsisValidator.php on line 92
[02-Jul-2019 04:40:49 UTC] PHP Parse error:  syntax error, unexpected '}', expecting ',' or ';' in /app/public/wp-content/themes/Work/index.php on line 4
[02-Jul-2019 04:41:04 UTC] PHP Parse error:  syntax error, unexpected '}', expecting ',' or ';' in /app/public/wp-content/themes/Work/index.php on line 4
[02-Jul-2019 04:41:21 UTC] PHP Parse error:  syntax error, unexpected '}', expecting ',' or ';' in /app/public/wp-content/themes/Work/index.php on line 4
[14-Jul-2019 02:14:52 UTC] PHP Parse error:  syntax error, unexpected ':' in /app/public/wp-content/themes/Work/index.php on line 1
[14-Jul-2019 02:14:56 UTC] PHP Parse error:  syntax error, unexpected ':' in /app/public/wp-content/themes/Work/index.php on line 1
[14-Jul-2019 02:15:38 UTC] PHP Parse error:  syntax error, unexpected ':' in /app/public/wp-content/themes/Work/index.php on line 1
[14-Jul-2019 02:16:04 UTC] PHP Parse error:  syntax error, unexpected ':' in /app/public/wp-content/themes/Work/index.php on line 1
[14-Jul-2019 17:46:51 UTC] PHP Parse error:  syntax error, unexpected 'or' (T_LOGICAL_OR) in /app/public/wp-content/themes/Work/header.php on line 15
[21-Jul-2019 04:09:05 UTC] PHP Fatal error:  Uncaught ArgumentCountError: Too few arguments to function register_post_type(), 0 passed in /app/public/wp-content/themes/Work/functions.php on line 20 and at least 1 expected in /app/public/wp-includes/post.php:1343
Stack trace:
#0 /app/public/wp-content/themes/Work/functions.php(20): register_post_type()
#1 /app/public/wp-includes/class-wp-hook.php(286): university_post_types('')
#2 /app/public/wp-includes/class-wp-hook.php(310): WP_Hook->apply_filters(NULL, Array)
#3 /app/public/wp-includes/plugin.php(465): WP_Hook->do_action(Array)
#4 /app/public/wp-settings.php(525): do_action('init')
#5 /app/public/wp-config.php(76): require_once('/app/public/wp-...')
#6 /app/public/wp-load.php(37): require_once('/app/public/wp-...')
#7 /app/public/wp-admin/admin-ajax.php(22): require_once('/app/public/wp-...')
#8 {main}
  thrown in /app/public/wp-includes/post.php on line 1343
[21-Jul-2019 04:09:05 UTC] PHP Fatal error:  Uncaught ArgumentCountError: Too few arguments to function register_post_type(), 0 passed in /app/public/wp-content/themes/Work/functions.php on line 20 and at least 1 expected in /app/public/wp-includes/post.php:1343
Stack trace:
#0 /app/public/wp-content/themes/Work/functions.php(20): register_post_type()
#1 /app/public/wp-includes/class-wp-hook.php(286): university_post_types('')
#2 /app/public/wp-includes/class-wp-hook.php(310): WP_Hook->apply_filters(NULL, Array)
#3 /app/public/wp-includes/plugin.php(465): WP_Hook->do_action(Array)
#4 /app/public/wp-settings.php(525): do_action('init')
#5 /app/public/wp-config.php(76): require_once('/app/public/wp-...')
#6 /app/public/wp-load.php(37): require_once('/app/public/wp-...')
#7 /app/public/wp-cron.php(39): require_once('/app/public/wp-...')
#8 {main}
  thrown in /app/public/wp-includes/post.php on line 1343
[21-Jul-2019 04:10:05 UTC] PHP Fatal error:  Uncaught ArgumentCountError: Too few arguments to function register_post_type(), 0 passed in /app/public/wp-content/themes/Work/functions.php on line 20 and at least 1 expected in /app/public/wp-includes/post.php:1343
Stack trace:
#0 /app/public/wp-content/themes/Work/functions.php(20): register_post_type()
#1 /app/public/wp-includes/class-wp-hook.php(286): university_post_types('')
#2 /app/public/wp-includes/class-wp-hook.php(310): WP_Hook->apply_filters(NULL, Array)
#3 /app/public/wp-includes/plugin.php(465): WP_Hook->do_action(Array)
#4 /app/public/wp-settings.php(525): do_action('init')
#5 /app/public/wp-config.php(76): require_once('/app/public/wp-...')
#6 /app/public/wp-load.php(37): require_once('/app/public/wp-...')
#7 /app/public/wp-admin/admin-ajax.php(22): require_once('/app/public/wp-...')
#8 {main}
  thrown in /app/public/wp-includes/post.php on line 1343
[21-Jul-2019 04:38:35 UTC] PHP Fatal error:  Cannot redeclare university_post_types() (previously declared in /app/public/wp-content/mu-plugins/university-post-types.php:2) in /app/public/wp-content/themes/Work/functions.php on line 20
[21-Jul-2019 04:38:37 UTC] PHP Fatal error:  Cannot redeclare university_post_types() (previously declared in /app/public/wp-content/mu-plugins/university-post-types.php:2) in /app/public/wp-content/themes/Work/functions.php on line 20
[21-Jul-2019 04:38:40 UTC] PHP Fatal error:  Cannot redeclare university_post_types() (previously declared in /app/public/wp-content/mu-plugins/university-post-types.php:2) in /app/public/wp-content/themes/Work/functions.php on line 20
[24-Jul-2019 02:51:32 UTC] PHP Fatal error:  Uncaught Exception: DateTime::__construct(): Failed to parse time string (23/07/2019) at position 0 (2): Unexpected character in /app/public/wp-content/themes/Work/front-page.php:31
Stack trace:
#0 /app/public/wp-content/themes/Work/front-page.php(31): DateTime->__construct('23/07/2019')
#1 /app/public/wp-includes/template-loader.php(78): include('/app/public/wp-...')
#2 /app/public/wp-blog-header.php(19): require_once('/app/public/wp-...')
#3 /app/public/index.php(17): require('/app/public/wp-...')
#4 {main}
  thrown in /app/public/wp-content/themes/Work/front-page.php on line 31
[24-Jul-2019 02:52:49 UTC] PHP Fatal error:  Uncaught Exception: DateTime::__construct(): Failed to parse time string (23/07/2019) at position 0 (2): Unexpected character in /app/public/wp-content/themes/Work/front-page.php:31
Stack trace:
#0 /app/public/wp-content/themes/Work/front-page.php(31): DateTime->__construct('23/07/2019')
#1 /app/public/wp-includes/template-loader.php(78): include('/app/public/wp-...')
#2 /app/public/wp-blog-header.php(19): require_once('/app/public/wp-...')
#3 /app/public/index.php(17): require('/app/public/wp-...')
#4 {main}
  thrown in /app/public/wp-content/themes/Work/front-page.php on line 31
[24-Jul-2019 03:06:29 UTC] PHP Fatal error:  Uncaught Exception: DateTime::__construct(): Failed to parse time string (23/07/2019) at position 0 (2): Unexpected character in /app/public/wp-content/themes/Work/front-page.php:29
Stack trace:
#0 /app/public/wp-content/themes/Work/front-page.php(29): DateTime->__construct('23/07/2019')
#1 /app/public/wp-includes/template-loader.php(78): include('/app/public/wp-...')
#2 /app/public/wp-blog-header.php(19): require_once('/app/public/wp-...')
#3 /app/public/index.php(17): require('/app/public/wp-...')
#4 {main}
  thrown in /app/public/wp-content/themes/Work/front-page.php on line 29
[24-Jul-2019 03:06:33 UTC] PHP Fatal error:  Uncaught Exception: DateTime::__construct(): Failed to parse time string (23/07/2019) at position 0 (2): Unexpected character in /app/public/wp-content/themes/Work/front-page.php:29
Stack trace:
#0 /app/public/wp-content/themes/Work/front-page.php(29): DateTime->__construct('23/07/2019')
#1 /app/public/wp-includes/template-loader.php(78): include('/app/public/wp-...')
#2 /app/public/wp-blog-header.php(19): require_once('/app/public/wp-...')
#3 /app/public/index.php(17): require('/app/public/wp-...')
#4 {main}
  thrown in /app/public/wp-content/themes/Work/front-page.php on line 29
[24-Jul-2019 03:06:47 UTC] PHP Fatal error:  Uncaught Exception: DateTime::__construct(): Failed to parse time string (23/07/2019) at position 0 (2): Unexpected character in /app/public/wp-content/themes/Work/front-page.php:29
Stack trace:
#0 /app/public/wp-content/themes/Work/front-page.php(29): DateTime->__construct('23/07/2019')
#1 /app/public/wp-includes/template-loader.php(78): include('/app/public/wp-...')
#2 /app/public/wp-blog-header.php(19): require_once('/app/public/wp-...')
#3 /app/public/index.php(17): require('/app/public/wp-...')
#4 {main}
  thrown in /app/public/wp-content/themes/Work/front-page.php on line 29
[24-Jul-2019 03:08:34 UTC] PHP Fatal error:  Uncaught Exception: DateTime::__construct(): Failed to parse time string (23/07/2019) at position 0 (2): Unexpected character in /app/public/wp-content/themes/Work/front-page.php:29
Stack trace:
#0 /app/public/wp-content/themes/Work/front-page.php(29): DateTime->__construct('23/07/2019')
#1 /app/public/wp-includes/template-loader.php(78): include('/app/public/wp-...')
#2 /app/public/wp-blog-header.php(19): require_once('/app/public/wp-...')
#3 /app/public/index.php(17): require('/app/public/wp-...')
#4 {main}
  thrown in /app/public/wp-content/themes/Work/front-page.php on line 29
[24-Jul-2019 03:09:58 UTC] PHP Fatal error:  Uncaught Exception: DateTime::__construct(): Failed to parse time string (23/07/2019) at position 0 (2): Unexpected character in /app/public/wp-content/themes/Work/front-page.php:29
Stack trace:
#0 /app/public/wp-content/themes/Work/front-page.php(29): DateTime->__construct('23/07/2019')
#1 /app/public/wp-includes/template-loader.php(78): include('/app/public/wp-...')
#2 /app/public/wp-blog-header.php(19): require_once('/app/public/wp-...')
#3 /app/public/index.php(17): require('/app/public/wp-...')
#4 {main}
  thrown in /app/public/wp-content/themes/Work/front-page.php on line 29
[24-Jul-2019 03:10:01 UTC] PHP Fatal error:  Uncaught Exception: DateTime::__construct(): Failed to parse time string (23/07/2019) at position 0 (2): Unexpected character in /app/public/wp-content/themes/Work/front-page.php:29
Stack trace:
#0 /app/public/wp-content/themes/Work/front-page.php(29): DateTime->__construct('23/07/2019')
#1 /app/public/wp-includes/template-loader.php(78): include('/app/public/wp-...')
#2 /app/public/wp-blog-header.php(19): require_once('/app/public/wp-...')
#3 /app/public/index.php(17): require('/app/public/wp-...')
#4 {main}
  thrown in /app/public/wp-content/themes/Work/front-page.php on line 29
[24-Jul-2019 03:24:09 UTC] PHP Parse error:  syntax error, unexpected '}', expecting end of file in /app/public/wp-content/themes/Work/front-page.php on line 46
[24-Jul-2019 03:24:15 UTC] PHP Parse error:  syntax error, unexpected '}', expecting end of file in /app/public/wp-content/themes/Work/front-page.php on line 46
[24-Jul-2019 03:27:27 UTC] PHP Fatal error:  Uncaught Exception: DateTime::__construct(): Failed to parse time string (23/07/2019) at position 0 (2): Unexpected character in /app/public/wp-content/themes/Work/front-page.php:31
Stack trace:
#0 /app/public/wp-content/themes/Work/front-page.php(31): DateTime->__construct('23/07/2019')
#1 /app/public/wp-includes/template-loader.php(78): include('/app/public/wp-...')
#2 /app/public/wp-blog-header.php(19): require_once('/app/public/wp-...')
#3 /app/public/index.php(17): require('/app/public/wp-...')
#4 {main}
  thrown in /app/public/wp-content/themes/Work/front-page.php on line 31
[27-Jul-2019 14:48:16 UTC] PHP Fatal error:  Uncaught Error: Call to undefined function set() in /app/public/wp-content/themes/Work/functions.php:25
Stack trace:
#0 /app/public/wp-includes/class-wp-hook.php(286): university_adjust_queries(Object(WP_Query))
#1 /app/public/wp-includes/class-wp-hook.php(310): WP_Hook->apply_filters('', Array)
#2 /app/public/wp-includes/plugin.php(531): WP_Hook->do_action(Array)
#3 /app/public/wp-includes/class-wp-query.php(1753): do_action_ref_array('pre_get_posts', Array)
#4 /app/public/wp-includes/class-wp-query.php(3404): WP_Query->get_posts()
#5 /app/public/wp-includes/class-wp.php(622): WP_Query->query(Array)
#6 /app/public/wp-includes/class-wp.php(739): WP->query_posts()
#7 /app/public/wp-includes/functions.php(1105): WP->main('')
#8 /app/public/wp-blog-header.php(16): wp()
#9 /app/public/index.php(17): require('/app/public/wp-...')
#10 {main}
  thrown in /app/public/wp-content/themes/Work/functions.php on line 25
[27-Jul-2019 14:48:21 UTC] PHP Fatal error:  Uncaught Error: Call to undefined function set() in /app/public/wp-content/themes/Work/functions.php:25
Stack trace:
#0 /app/public/wp-includes/class-wp-hook.php(286): university_adjust_queries(Object(WP_Query))
#1 /app/public/wp-includes/class-wp-hook.php(310): WP_Hook->apply_filters('', Array)
#2 /app/public/wp-includes/plugin.php(531): WP_Hook->do_action(Array)
#3 /app/public/wp-includes/class-wp-query.php(1753): do_action_ref_array('pre_get_posts', Array)
#4 /app/public/wp-includes/class-wp-query.php(3404): WP_Query->get_posts()
#5 /app/public/wp-includes/class-wp.php(622): WP_Query->query(Array)
#6 /app/public/wp-includes/class-wp.php(739): WP->query_posts()
#7 /app/public/wp-includes/functions.php(1105): WP->main('')
#8 /app/public/wp-blog-header.php(16): wp()
#9 /app/public/index.php(17): require('/app/public/wp-...')
#10 {main}
  thrown in /app/public/wp-content/themes/Work/functions.php on line 25
[27-Jul-2019 14:50:03 UTC] PHP Fatal error:  Uncaught Error: Call to undefined function set() in /app/public/wp-content/themes/Work/functions.php:25
Stack trace:
#0 /app/public/wp-includes/class-wp-hook.php(286): university_adjust_queries(Object(WP_Query))
#1 /app/public/wp-includes/class-wp-hook.php(310): WP_Hook->apply_filters('', Array)
#2 /app/public/wp-includes/plugin.php(531): WP_Hook->do_action(Array)
#3 /app/public/wp-includes/class-wp-query.php(1753): do_action_ref_array('pre_get_posts', Array)
#4 /app/public/wp-includes/class-wp-query.php(3404): WP_Query->get_posts()
#5 /app/public/wp-includes/class-wp.php(622): WP_Query->query(Array)
#6 /app/public/wp-includes/class-wp.php(739): WP->query_posts()
#7 /app/public/wp-includes/functions.php(1105): WP->main('')
#8 /app/public/wp-blog-header.php(16): wp()
#9 /app/public/index.php(17): require('/app/public/wp-...')
#10 {main}
  thrown in /app/public/wp-content/themes/Work/functions.php on line 25
[27-Jul-2019 14:50:09 UTC] PHP Fatal error:  Uncaught Error: Call to undefined function set() in /app/public/wp-content/themes/Work/functions.php:25
Stack trace:
#0 /app/public/wp-includes/class-wp-hook.php(286): university_adjust_queries(Object(WP_Query))
#1 /app/public/wp-includes/class-wp-hook.php(310): WP_Hook->apply_filters('', Array)
#2 /app/public/wp-includes/plugin.php(531): WP_Hook->do_action(Array)
#3 /app/public/wp-includes/class-wp-query.php(1753): do_action_ref_array('pre_get_posts', Array)
#4 /app/public/wp-includes/class-wp-query.php(3404): WP_Query->get_posts()
#5 /app/public/wp-includes/class-wp.php(622): WP_Query->query(Array)
#6 /app/public/wp-includes/class-wp.php(739): WP->query_posts()
#7 /app/public/wp-includes/functions.php(1105): WP->main('')
#8 /app/public/wp-blog-header.php(16): wp()
#9 /app/public/index.php(17): require('/app/public/wp-...')
#10 {main}
  thrown in /app/public/wp-content/themes/Work/functions.php on line 25
[31-Jul-2019 02:44:04 UTC] PHP Warning:  Invalid argument supplied for foreach() in /app/public/wp-content/themes/Work/single-professor.php on line 26
[31-Jul-2019 03:50:16 UTC] PHP Warning:  Use of undefined constant thumbnail - assumed 'thumbnail' (this will throw an Error in a future version of PHP) in /app/public/wp-content/mu-plugins/university-post-types.php on line 37
[31-Jul-2019 03:50:16 UTC] PHP Warning:  Use of undefined constant thumbnail - assumed 'thumbnail' (this will throw an Error in a future version of PHP) in /app/public/wp-content/mu-plugins/university-post-types.php on line 37
[31-Jul-2019 03:50:17 UTC] PHP Warning:  Use of undefined constant thumbnail - assumed 'thumbnail' (this will throw an Error in a future version of PHP) in /app/public/wp-content/mu-plugins/university-post-types.php on line 37
[31-Jul-2019 03:51:17 UTC] PHP Warning:  Use of undefined constant thumbnail - assumed 'thumbnail' (this will throw an Error in a future version of PHP) in /app/public/wp-content/mu-plugins/university-post-types.php on line 37
[31-Jul-2019 03:52:04 UTC] PHP Warning:  Use of undefined constant thumbnail - assumed 'thumbnail' (this will throw an Error in a future version of PHP) in /app/public/wp-content/mu-plugins/university-post-types.php on line 37
[31-Jul-2019 03:52:04 UTC] PHP Warning:  Use of undefined constant thumbnail - assumed 'thumbnail' (this will throw an Error in a future version of PHP) in /app/public/wp-content/mu-plugins/university-post-types.php on line 37
[31-Jul-2019 03:52:10 UTC] PHP Warning:  Use of undefined constant thumbnail - assumed 'thumbnail' (this will throw an Error in a future version of PHP) in /app/public/wp-content/mu-plugins/university-post-types.php on line 37
[31-Jul-2019 03:52:17 UTC] PHP Warning:  Use of undefined constant thumbnail - assumed 'thumbnail' (this will throw an Error in a future version of PHP) in /app/public/wp-content/mu-plugins/university-post-types.php on line 37
[31-Jul-2019 03:52:40 UTC] PHP Warning:  Use of undefined constant thumbnail - assumed 'thumbnail' (this will throw an Error in a future version of PHP) in /app/public/wp-content/mu-plugins/university-post-types.php on line 37
[31-Jul-2019 03:52:40 UTC] PHP Warning:  Use of undefined constant thumbnail - assumed 'thumbnail' (this will throw an Error in a future version of PHP) in /app/public/wp-content/mu-plugins/university-post-types.php on line 37
[31-Jul-2019 03:52:40 UTC] PHP Warning:  Use of undefined constant thumbnail - assumed 'thumbnail' (this will throw an Error in a future version of PHP) in /app/public/wp-content/mu-plugins/university-post-types.php on line 37
[31-Jul-2019 03:52:40 UTC] PHP Warning:  Use of undefined constant thumbnail - assumed 'thumbnail' (this will throw an Error in a future version of PHP) in /app/public/wp-content/mu-plugins/university-post-types.php on line 37
[31-Jul-2019 03:52:40 UTC] PHP Warning:  Use of undefined constant thumbnail - assumed 'thumbnail' (this will throw an Error in a future version of PHP) in /app/public/wp-content/mu-plugins/university-post-types.php on line 37
[31-Jul-2019 03:53:31 UTC] PHP Warning:  Use of undefined constant thumbnail - assumed 'thumbnail' (this will throw an Error in a future version of PHP) in /app/public/wp-content/mu-plugins/university-post-types.php on line 37
[31-Jul-2019 03:53:31 UTC] PHP Warning:  Use of undefined constant thumbnail - assumed 'thumbnail' (this will throw an Error in a future version of PHP) in /app/public/wp-content/mu-plugins/university-post-types.php on line 37
[31-Jul-2019 03:53:31 UTC] PHP Warning:  Use of undefined constant thumbnail - assumed 'thumbnail' (this will throw an Error in a future version of PHP) in /app/public/wp-content/mu-plugins/university-post-types.php on line 37
[31-Jul-2019 03:53:32 UTC] PHP Warning:  Use of undefined constant thumbnail - assumed 'thumbnail' (this will throw an Error in a future version of PHP) in /app/public/wp-content/mu-plugins/university-post-types.php on line 37
[31-Jul-2019 03:53:32 UTC] PHP Warning:  Use of undefined constant thumbnail - assumed 'thumbnail' (this will throw an Error in a future version of PHP) in /app/public/wp-content/mu-plugins/university-post-types.php on line 37
[31-Jul-2019 03:53:34 UTC] PHP Warning:  Use of undefined constant thumbnail - assumed 'thumbnail' (this will throw an Error in a future version of PHP) in /app/public/wp-content/mu-plugins/university-post-types.php on line 37
[31-Jul-2019 03:53:43 UTC] PHP Warning:  Use of undefined constant thumbnail - assumed 'thumbnail' (this will throw an Error in a future version of PHP) in /app/public/wp-content/mu-plugins/university-post-types.php on line 37
[31-Jul-2019 03:53:44 UTC] PHP Warning:  Use of undefined constant thumbnail - assumed 'thumbnail' (this will throw an Error in a future version of PHP) in /app/public/wp-content/mu-plugins/university-post-types.php on line 37
[31-Jul-2019 03:53:46 UTC] PHP Warning:  Use of undefined constant thumbnail - assumed 'thumbnail' (this will throw an Error in a future version of PHP) in /app/public/wp-content/mu-plugins/university-post-types.php on line 37
[31-Jul-2019 03:53:46 UTC] PHP Warning:  Use of undefined constant thumbnail - assumed 'thumbnail' (this will throw an Error in a future version of PHP) in /app/public/wp-content/mu-plugins/university-post-types.php on line 37
[31-Jul-2019 03:53:47 UTC] PHP Warning:  Use of undefined constant thumbnail - assumed 'thumbnail' (this will throw an Error in a future version of PHP) in /app/public/wp-content/mu-plugins/university-post-types.php on line 37
[31-Jul-2019 03:53:47 UTC] PHP Warning:  Use of undefined constant thumbnail - assumed 'thumbnail' (this will throw an Error in a future version of PHP) in /app/public/wp-content/mu-plugins/university-post-types.php on line 37
[31-Jul-2019 03:53:47 UTC] PHP Warning:  Use of undefined constant thumbnail - assumed 'thumbnail' (this will throw an Error in a future version of PHP) in /app/public/wp-content/mu-plugins/university-post-types.php on line 37
[31-Jul-2019 03:54:47 UTC] PHP Warning:  Use of undefined constant thumbnail - assumed 'thumbnail' (this will throw an Error in a future version of PHP) in /app/public/wp-content/mu-plugins/university-post-types.php on line 37
[31-Jul-2019 03:55:47 UTC] PHP Warning:  Use of undefined constant thumbnail - assumed 'thumbnail' (this will throw an Error in a future version of PHP) in /app/public/wp-content/mu-plugins/university-post-types.php on line 37
[31-Jul-2019 03:56:47 UTC] PHP Warning:  Use of undefined constant thumbnail - assumed 'thumbnail' (this will throw an Error in a future version of PHP) in /app/public/wp-content/mu-plugins/university-post-types.php on line 37
[31-Jul-2019 03:57:47 UTC] PHP Warning:  Use of undefined constant thumbnail - assumed 'thumbnail' (this will throw an Error in a future version of PHP) in /app/public/wp-content/mu-plugins/university-post-types.php on line 37
[31-Jul-2019 03:58:47 UTC] PHP Warning:  Use of undefined constant thumbnail - assumed 'thumbnail' (this will throw an Error in a future version of PHP) in /app/public/wp-content/mu-plugins/university-post-types.php on line 37
[31-Jul-2019 03:59:47 UTC] PHP Warning:  Use of undefined constant thumbnail - assumed 'thumbnail' (this will throw an Error in a future version of PHP) in /app/public/wp-content/mu-plugins/university-post-types.php on line 37
[31-Jul-2019 04:00:35 UTC] PHP Warning:  Use of undefined constant thumbnail - assumed 'thumbnail' (this will throw an Error in a future version of PHP) in /app/public/wp-content/mu-plugins/university-post-types.php on line 37
[31-Jul-2019 04:00:36 UTC] PHP Warning:  Use of undefined constant thumbnail - assumed 'thumbnail' (this will throw an Error in a future version of PHP) in /app/public/wp-content/mu-plugins/university-post-types.php on line 37
[31-Jul-2019 04:00:37 UTC] PHP Warning:  Use of undefined constant thumbnail - assumed 'thumbnail' (this will throw an Error in a future version of PHP) in /app/public/wp-content/mu-plugins/university-post-types.php on line 37
[31-Jul-2019 04:00:38 UTC] PHP Warning:  Use of undefined constant thumbnail - assumed 'thumbnail' (this will throw an Error in a future version of PHP) in /app/public/wp-content/mu-plugins/university-post-types.php on line 37
[31-Jul-2019 04:00:39 UTC] PHP Warning:  Use of undefined constant thumbnail - assumed 'thumbnail' (this will throw an Error in a future version of PHP) in /app/public/wp-content/mu-plugins/university-post-types.php on line 37
[31-Jul-2019 04:00:39 UTC] PHP Warning:  Use of undefined constant thumbnail - assumed 'thumbnail' (this will throw an Error in a future version of PHP) in /app/public/wp-content/mu-plugins/university-post-types.php on line 37
[31-Jul-2019 04:00:39 UTC] PHP Warning:  Use of undefined constant thumbnail - assumed 'thumbnail' (this will throw an Error in a future version of PHP) in /app/public/wp-content/mu-plugins/university-post-types.php on line 37
[31-Jul-2019 04:00:48 UTC] PHP Warning:  Use of undefined constant thumbnail - assumed 'thumbnail' (this will throw an Error in a future version of PHP) in /app/public/wp-content/mu-plugins/university-post-types.php on line 37
[31-Jul-2019 04:02:47 UTC] PHP Warning:  Use of undefined constant thumbnail - assumed 'thumbnail' (this will throw an Error in a future version of PHP) in /app/public/wp-content/mu-plugins/university-post-types.php on line 37
[31-Jul-2019 04:04:48 UTC] PHP Warning:  Use of undefined constant thumbnail - assumed 'thumbnail' (this will throw an Error in a future version of PHP) in /app/public/wp-content/mu-plugins/university-post-types.php on line 37
[31-Jul-2019 04:06:49 UTC] PHP Warning:  Use of undefined constant thumbnail - assumed 'thumbnail' (this will throw an Error in a future version of PHP) in /app/public/wp-content/mu-plugins/university-post-types.php on line 37
[31-Jul-2019 04:06:49 UTC] PHP Warning:  Use of undefined constant thumbnail - assumed 'thumbnail' (this will throw an Error in a future version of PHP) in /app/public/wp-content/mu-plugins/university-post-types.php on line 37
[31-Jul-2019 04:08:37 UTC] PHP Warning:  Use of undefined constant thumbnail - assumed 'thumbnail' (this will throw an Error in a future version of PHP) in /app/public/wp-content/mu-plugins/university-post-types.php on line 37
[31-Jul-2019 04:08:38 UTC] PHP Warning:  Use of undefined constant thumbnail - assumed 'thumbnail' (this will throw an Error in a future version of PHP) in /app/public/wp-content/mu-plugins/university-post-types.php on line 37
[31-Jul-2019 04:08:44 UTC] PHP Warning:  Use of undefined constant thumbnail - assumed 'thumbnail' (this will throw an Error in a future version of PHP) in /app/public/wp-content/mu-plugins/university-post-types.php on line 37
[31-Jul-2019 04:08:44 UTC] PHP Warning:  Use of undefined constant thumbnail - assumed 'thumbnail' (this will throw an Error in a future version of PHP) in /app/public/wp-content/mu-plugins/university-post-types.php on line 37
[31-Jul-2019 04:08:44 UTC] PHP Warning:  Use of undefined constant thumbnail - assumed 'thumbnail' (this will throw an Error in a future version of PHP) in /app/public/wp-content/mu-plugins/university-post-types.php on line 37
[31-Jul-2019 04:08:45 UTC] PHP Warning:  Use of undefined constant thumbnail - assumed 'thumbnail' (this will throw an Error in a future version of PHP) in /app/public/wp-content/mu-plugins/university-post-types.php on line 37
[31-Jul-2019 04:08:47 UTC] PHP Warning:  Use of undefined constant thumbnail - assumed 'thumbnail' (this will throw an Error in a future version of PHP) in /app/public/wp-content/mu-plugins/university-post-types.php on line 37
[31-Jul-2019 04:08:47 UTC] PHP Warning:  Use of undefined constant thumbnail - assumed 'thumbnail' (this will throw an Error in a future version of PHP) in /app/public/wp-content/mu-plugins/university-post-types.php on line 37
[31-Jul-2019 04:08:50 UTC] PHP Warning:  Use of undefined constant thumbnail - assumed 'thumbnail' (this will throw an Error in a future version of PHP) in /app/public/wp-content/mu-plugins/university-post-types.php on line 37
[31-Jul-2019 04:09:19 UTC] PHP Warning:  Use of undefined constant thumbnail - assumed 'thumbnail' (this will throw an Error in a future version of PHP) in /app/public/wp-content/mu-plugins/university-post-types.php on line 37
[01-Aug-2019 03:21:34 UTC] PHP Warning:  Use of undefined constant thumbnail - assumed 'thumbnail' (this will throw an Error in a future version of PHP) in /app/public/wp-content/mu-plugins/university-post-types.php on line 37
[01-Aug-2019 03:23:12 UTC] PHP Warning:  Use of undefined constant thumbnail - assumed 'thumbnail' (this will throw an Error in a future version of PHP) in /app/public/wp-content/mu-plugins/university-post-types.php on line 37
[01-Aug-2019 03:23:12 UTC] PHP Warning:  Use of undefined constant thumbnail - assumed 'thumbnail' (this will throw an Error in a future version of PHP) in /app/public/wp-content/mu-plugins/university-post-types.php on line 37
[01-Aug-2019 03:23:12 UTC] PHP Warning:  Use of undefined constant thumbnail - assumed 'thumbnail' (this will throw an Error in a future version of PHP) in /app/public/wp-content/mu-plugins/university-post-types.php on line 37
[01-Aug-2019 03:23:12 UTC] PHP Warning:  Use of undefined constant thumbnail - assumed 'thumbnail' (this will throw an Error in a future version of PHP) in /app/public/wp-content/mu-plugins/university-post-types.php on line 37
[01-Aug-2019 03:23:12 UTC] PHP Warning:  Use of undefined constant thumbnail - assumed 'thumbnail' (this will throw an Error in a future version of PHP) in /app/public/wp-content/mu-plugins/university-post-types.php on line 37
[01-Aug-2019 03:23:24 UTC] PHP Warning:  Use of undefined constant thumbnail - assumed 'thumbnail' (this will throw an Error in a future version of PHP) in /app/public/wp-content/mu-plugins/university-post-types.php on line 37
[01-Aug-2019 03:23:24 UTC] PHP Warning:  Use of undefined constant thumbnail - assumed 'thumbnail' (this will throw an Error in a future version of PHP) in /app/public/wp-content/mu-plugins/university-post-types.php on line 37
[01-Aug-2019 03:23:24 UTC] PHP Warning:  Use of undefined constant thumbnail - assumed 'thumbnail' (this will throw an Error in a future version of PHP) in /app/public/wp-content/mu-plugins/university-post-types.php on line 37
[01-Aug-2019 03:23:24 UTC] PHP Warning:  Use of undefined constant thumbnail - assumed 'thumbnail' (this will throw an Error in a future version of PHP) in /app/public/wp-content/mu-plugins/university-post-types.php on line 37
[01-Aug-2019 03:24:24 UTC] PHP Warning:  Use of undefined constant thumbnail - assumed 'thumbnail' (this will throw an Error in a future version of PHP) in /app/public/wp-content/mu-plugins/university-post-types.php on line 37
[01-Aug-2019 03:25:24 UTC] PHP Warning:  Use of undefined constant thumbnail - assumed 'thumbnail' (this will throw an Error in a future version of PHP) in /app/public/wp-content/mu-plugins/university-post-types.php on line 37
[01-Aug-2019 03:26:24 UTC] PHP Warning:  Use of undefined constant thumbnail - assumed 'thumbnail' (this will throw an Error in a future version of PHP) in /app/public/wp-content/mu-plugins/university-post-types.php on line 37
[01-Aug-2019 03:28:25 UTC] PHP Warning:  Use of undefined constant thumbnail - assumed 'thumbnail' (this will throw an Error in a future version of PHP) in /app/public/wp-content/mu-plugins/university-post-types.php on line 37
[01-Aug-2019 03:29:25 UTC] PHP Warning:  Use of undefined constant thumbnail - assumed 'thumbnail' (this will throw an Error in a future version of PHP) in /app/public/wp-content/mu-plugins/university-post-types.php on line 37
[01-Aug-2019 03:31:08 UTC] PHP Warning:  Use of undefined constant thumbnail - assumed 'thumbnail' (this will throw an Error in a future version of PHP) in /app/public/wp-content/mu-plugins/university-post-types.php on line 37
[01-Aug-2019 03:32:08 UTC] PHP Warning:  Use of undefined constant thumbnail - assumed 'thumbnail' (this will throw an Error in a future version of PHP) in /app/public/wp-content/mu-plugins/university-post-types.php on line 37
[01-Aug-2019 03:34:08 UTC] PHP Warning:  Use of undefined constant thumbnail - assumed 'thumbnail' (this will throw an Error in a future version of PHP) in /app/public/wp-content/mu-plugins/university-post-types.php on line 37
[01-Aug-2019 03:35:08 UTC] PHP Warning:  Use of undefined constant thumbnail - assumed 'thumbnail' (this will throw an Error in a future version of PHP) in /app/public/wp-content/mu-plugins/university-post-types.php on line 37
[01-Aug-2019 03:36:18 UTC] PHP Warning:  Use of undefined constant thumbnail - assumed 'thumbnail' (this will throw an Error in a future version of PHP) in /app/public/wp-content/mu-plugins/university-post-types.php on line 37
[01-Aug-2019 03:37:18 UTC] PHP Warning:  Use of undefined constant thumbnail - assumed 'thumbnail' (this will throw an Error in a future version of PHP) in /app/public/wp-content/mu-plugins/university-post-types.php on line 37
[01-Aug-2019 03:39:18 UTC] PHP Warning:  Use of undefined constant thumbnail - assumed 'thumbnail' (this will throw an Error in a future version of PHP) in /app/public/wp-content/mu-plugins/university-post-types.php on line 37
[01-Aug-2019 03:41:18 UTC] PHP Warning:  Use of undefined constant thumbnail - assumed 'thumbnail' (this will throw an Error in a future version of PHP) in /app/public/wp-content/mu-plugins/university-post-types.php on line 37
[01-Aug-2019 03:43:18 UTC] PHP Warning:  Use of undefined constant thumbnail - assumed 'thumbnail' (this will throw an Error in a future version of PHP) in /app/public/wp-content/mu-plugins/university-post-types.php on line 37
[01-Aug-2019 03:45:18 UTC] PHP Warning:  Use of undefined constant thumbnail - assumed 'thumbnail' (this will throw an Error in a future version of PHP) in /app/public/wp-content/mu-plugins/university-post-types.php on line 37
[01-Aug-2019 03:47:50 UTC] PHP Warning:  Use of undefined constant thumbnail - assumed 'thumbnail' (this will throw an Error in a future version of PHP) in /app/public/wp-content/mu-plugins/university-post-types.php on line 37
[01-Aug-2019 03:47:54 UTC] PHP Warning:  Use of undefined constant thumbnail - assumed 'thumbnail' (this will throw an Error in a future version of PHP) in /app/public/wp-content/mu-plugins/university-post-types.php on line 37
[01-Aug-2019 03:48:17 UTC] PHP Warning:  Use of undefined constant thumbnail - assumed 'thumbnail' (this will throw an Error in a future version of PHP) in /app/public/wp-content/mu-plugins/university-post-types.php on line 37
[01-Aug-2019 03:48:42 UTC] PHP Warning:  Use of undefined constant thumbnail - assumed 'thumbnail' (this will throw an Error in a future version of PHP) in /app/public/wp-content/mu-plugins/university-post-types.php on line 37
[01-Aug-2019 03:48:43 UTC] PHP Warning:  Use of undefined constant thumbnail - assumed 'thumbnail' (this will throw an Error in a future version of PHP) in /app/public/wp-content/mu-plugins/university-post-types.php on line 37
[01-Aug-2019 03:48:45 UTC] PHP Warning:  Use of undefined constant thumbnail - assumed 'thumbnail' (this will throw an Error in a future version of PHP) in /app/public/wp-content/mu-plugins/university-post-types.php on line 37
[01-Aug-2019 03:48:46 UTC] PHP Warning:  Use of undefined constant thumbnail - assumed 'thumbnail' (this will throw an Error in a future version of PHP) in /app/public/wp-content/mu-plugins/university-post-types.php on line 37
[01-Aug-2019 03:48:48 UTC] PHP Warning:  Use of undefined constant thumbnail - assumed 'thumbnail' (this will throw an Error in a future version of PHP) in /app/public/wp-content/mu-plugins/university-post-types.php on line 37
[01-Aug-2019 03:48:49 UTC] PHP Warning:  Use of undefined constant thumbnail - assumed 'thumbnail' (this will throw an Error in a future version of PHP) in /app/public/wp-content/mu-plugins/university-post-types.php on line 37
[01-Aug-2019 03:48:51 UTC] PHP Warning:  Use of undefined constant thumbnail - assumed 'thumbnail' (this will throw an Error in a future version of PHP) in /app/public/wp-content/mu-plugins/university-post-types.php on line 37
[01-Aug-2019 03:48:52 UTC] PHP Warning:  Use of undefined constant thumbnail - assumed 'thumbnail' (this will throw an Error in a future version of PHP) in /app/public/wp-content/mu-plugins/university-post-types.php on line 37
[01-Aug-2019 03:48:57 UTC] PHP Warning:  Use of undefined constant thumbnail - assumed 'thumbnail' (this will throw an Error in a future version of PHP) in /app/public/wp-content/mu-plugins/university-post-types.php on line 37
[01-Aug-2019 03:49:06 UTC] PHP Warning:  Use of undefined constant thumbnail - assumed 'thumbnail' (this will throw an Error in a future version of PHP) in /app/public/wp-content/mu-plugins/university-post-types.php on line 37
[01-Aug-2019 03:49:10 UTC] PHP Warning:  Use of undefined constant thumbnail - assumed 'thumbnail' (this will throw an Error in a future version of PHP) in /app/public/wp-content/mu-plugins/university-post-types.php on line 37
[01-Aug-2019 03:49:59 UTC] PHP Warning:  Use of undefined constant thumbnail - assumed 'thumbnail' (this will throw an Error in a future version of PHP) in /app/public/wp-content/mu-plugins/university-post-types.php on line 37
[01-Aug-2019 03:50:04 UTC] PHP Warning:  Use of undefined constant thumbnail - assumed 'thumbnail' (this will throw an Error in a future version of PHP) in /app/public/wp-content/mu-plugins/university-post-types.php on line 37
[01-Aug-2019 03:50:17 UTC] PHP Warning:  Use of undefined constant thumbnail - assumed 'thumbnail' (this will throw an Error in a future version of PHP) in /app/public/wp-content/mu-plugins/university-post-types.php on line 37
[01-Aug-2019 03:50:21 UTC] PHP Warning:  Use of undefined constant thumbnail - assumed 'thumbnail' (this will throw an Error in a future version of PHP) in /app/public/wp-content/mu-plugins/university-post-types.php on line 37
[01-Aug-2019 03:50:22 UTC] PHP Warning:  Use of undefined constant thumbnail - assumed 'thumbnail' (this will throw an Error in a future version of PHP) in /app/public/wp-content/mu-plugins/university-post-types.php on line 37
[01-Aug-2019 03:50:28 UTC] PHP Warning:  Use of undefined constant thumbnail - assumed 'thumbnail' (this will throw an Error in a future version of PHP) in /app/public/wp-content/mu-plugins/university-post-types.php on line 37
[01-Aug-2019 03:51:23 UTC] PHP Warning:  Use of undefined constant thumbnail - assumed 'thumbnail' (this will throw an Error in a future version of PHP) in /app/public/wp-content/mu-plugins/university-post-types.php on line 37
[01-Aug-2019 03:52:37 UTC] PHP Warning:  Use of undefined constant thumbnail - assumed 'thumbnail' (this will throw an Error in a future version of PHP) in /app/public/wp-content/mu-plugins/university-post-types.php on line 37
[01-Aug-2019 03:53:21 UTC] PHP Warning:  Use of undefined constant thumbnail - assumed 'thumbnail' (this will throw an Error in a future version of PHP) in /app/public/wp-content/mu-plugins/university-post-types.php on line 37
[01-Aug-2019 03:53:23 UTC] PHP Warning:  Use of undefined constant thumbnail - assumed 'thumbnail' (this will throw an Error in a future version of PHP) in /app/public/wp-content/mu-plugins/university-post-types.php on line 37
[01-Aug-2019 03:53:25 UTC] PHP Warning:  Use of undefined constant thumbnail - assumed 'thumbnail' (this will throw an Error in a future version of PHP) in /app/public/wp-content/mu-plugins/university-post-types.php on line 37
[01-Aug-2019 03:53:25 UTC] PHP Warning:  Use of undefined constant thumbnail - assumed 'thumbnail' (this will throw an Error in a future version of PHP) in /app/public/wp-content/mu-plugins/university-post-types.php on line 37
[01-Aug-2019 03:53:29 UTC] PHP Warning:  Use of undefined constant thumbnail - assumed 'thumbnail' (this will throw an Error in a future version of PHP) in /app/public/wp-content/mu-plugins/university-post-types.php on line 37
[01-Aug-2019 03:53:29 UTC] PHP Warning:  Use of undefined constant thumbnail - assumed 'thumbnail' (this will throw an Error in a future version of PHP) in /app/public/wp-content/mu-plugins/university-post-types.php on line 37
[01-Aug-2019 03:53:30 UTC] PHP Warning:  Use of undefined constant thumbnail - assumed 'thumbnail' (this will throw an Error in a future version of PHP) in /app/public/wp-content/mu-plugins/university-post-types.php on line 37
[01-Aug-2019 03:53:31 UTC] PHP Warning:  Use of undefined constant thumbnail - assumed 'thumbnail' (this will throw an Error in a future version of PHP) in /app/public/wp-content/mu-plugins/university-post-types.php on line 37
[01-Aug-2019 03:53:32 UTC] PHP Warning:  Use of undefined constant thumbnail - assumed 'thumbnail' (this will throw an Error in a future version of PHP) in /app/public/wp-content/mu-plugins/university-post-types.php on line 37
[01-Aug-2019 03:53:32 UTC] PHP Warning:  Use of undefined constant thumbnail - assumed 'thumbnail' (this will throw an Error in a future version of PHP) in /app/public/wp-content/mu-plugins/university-post-types.php on line 37
[01-Aug-2019 03:53:32 UTC] PHP Warning:  Use of undefined constant thumbnail - assumed 'thumbnail' (this will throw an Error in a future version of PHP) in /app/public/wp-content/mu-plugins/university-post-types.php on line 37
[02-Aug-2019 03:26:04 UTC] PHP Warning:  Use of undefined constant thumbnail - assumed 'thumbnail' (this will throw an Error in a future version of PHP) in /app/public/wp-content/mu-plugins/university-post-types.php on line 37
[02-Aug-2019 03:26:04 UTC] PHP Warning:  Use of undefined constant thumbnail - assumed 'thumbnail' (this will throw an Error in a future version of PHP) in /app/public/wp-content/mu-plugins/university-post-types.php on line 37
[02-Aug-2019 03:26:05 UTC] PHP Warning:  Use of undefined constant thumbnail - assumed 'thumbnail' (this will throw an Error in a future version of PHP) in /app/public/wp-content/mu-plugins/university-post-types.php on line 37
[02-Aug-2019 03:26:05 UTC] PHP Warning:  Use of undefined constant thumbnail - assumed 'thumbnail' (this will throw an Error in a future version of PHP) in /app/public/wp-content/mu-plugins/university-post-types.php on line 37
[02-Aug-2019 03:26:05 UTC] PHP Warning:  Use of undefined constant thumbnail - assumed 'thumbnail' (this will throw an Error in a future version of PHP) in /app/public/wp-content/mu-plugins/university-post-types.php on line 37
[02-Aug-2019 03:26:30 UTC] PHP Warning:  Use of undefined constant thumbnail - assumed 'thumbnail' (this will throw an Error in a future version of PHP) in /app/public/wp-content/mu-plugins/university-post-types.php on line 37
[02-Aug-2019 03:26:32 UTC] PHP Warning:  Use of undefined constant thumbnail - assumed 'thumbnail' (this will throw an Error in a future version of PHP) in /app/public/wp-content/mu-plugins/university-post-types.php on line 37
[02-Aug-2019 03:26:32 UTC] PHP Warning:  Use of undefined constant thumbnail - assumed 'thumbnail' (this will throw an Error in a future version of PHP) in /app/public/wp-content/mu-plugins/university-post-types.php on line 37
[02-Aug-2019 03:26:43 UTC] PHP Warning:  Use of undefined constant thumbnail - assumed 'thumbnail' (this will throw an Error in a future version of PHP) in /app/public/wp-content/mu-plugins/university-post-types.php on line 37
[02-Aug-2019 03:26:46 UTC] PHP Warning:  Use of undefined constant thumbnail - assumed 'thumbnail' (this will throw an Error in a future version of PHP) in /app/public/wp-content/mu-plugins/university-post-types.php on line 37
[02-Aug-2019 03:27:44 UTC] PHP Warning:  Use of undefined constant thumbnail - assumed 'thumbnail' (this will throw an Error in a future version of PHP) in /app/public/wp-content/mu-plugins/university-post-types.php on line 37
[02-Aug-2019 03:29:45 UTC] PHP Warning:  Use of undefined constant thumbnail - assumed 'thumbnail' (this will throw an Error in a future version of PHP) in /app/public/wp-content/mu-plugins/university-post-types.php on line 37
[02-Aug-2019 03:31:46 UTC] PHP Warning:  Use of undefined constant thumbnail - assumed 'thumbnail' (this will throw an Error in a future version of PHP) in /app/public/wp-content/mu-plugins/university-post-types.php on line 37
[02-Aug-2019 03:33:47 UTC] PHP Warning:  Use of undefined constant thumbnail - assumed 'thumbnail' (this will throw an Error in a future version of PHP) in /app/public/wp-content/mu-plugins/university-post-types.php on line 37
[02-Aug-2019 03:35:04 UTC] PHP Warning:  Use of undefined constant thumbnail - assumed 'thumbnail' (this will throw an Error in a future version of PHP) in /app/public/wp-content/mu-plugins/university-post-types.php on line 37
[02-Aug-2019 03:35:09 UTC] PHP Warning:  Use of undefined constant thumbnail - assumed 'thumbnail' (this will throw an Error in a future version of PHP) in /app/public/wp-content/mu-plugins/university-post-types.php on line 37
[02-Aug-2019 03:35:11 UTC] PHP Warning:  Use of undefined constant thumbnail - assumed 'thumbnail' (this will throw an Error in a future version of PHP) in /app/public/wp-content/mu-plugins/university-post-types.php on line 37
[02-Aug-2019 03:35:11 UTC] PHP Warning:  Use of undefined constant thumbnail - assumed 'thumbnail' (this will throw an Error in a future version of PHP) in /app/public/wp-content/mu-plugins/university-post-types.php on line 37
[02-Aug-2019 03:35:14 UTC] PHP Warning:  Use of undefined constant thumbnail - assumed 'thumbnail' (this will throw an Error in a future version of PHP) in /app/public/wp-content/mu-plugins/university-post-types.php on line 37
[02-Aug-2019 03:35:14 UTC] PHP Warning:  Use of undefined constant thumbnail - assumed 'thumbnail' (this will throw an Error in a future version of PHP) in /app/public/wp-content/mu-plugins/university-post-types.php on line 37
[02-Aug-2019 03:35:15 UTC] PHP Warning:  Use of undefined constant thumbnail - assumed 'thumbnail' (this will throw an Error in a future version of PHP) in /app/public/wp-content/mu-plugins/university-post-types.php on line 37
[02-Aug-2019 03:35:16 UTC] PHP Warning:  Use of undefined constant thumbnail - assumed 'thumbnail' (this will throw an Error in a future version of PHP) in /app/public/wp-content/mu-plugins/university-post-types.php on line 37
[02-Aug-2019 03:35:18 UTC] PHP Warning:  Use of undefined constant thumbnail - assumed 'thumbnail' (this will throw an Error in a future version of PHP) in /app/public/wp-content/mu-plugins/university-post-types.php on line 37
[02-Aug-2019 03:35:18 UTC] PHP Warning:  Use of undefined constant thumbnail - assumed 'thumbnail' (this will throw an Error in a future version of PHP) in /app/public/wp-content/mu-plugins/university-post-types.php on line 37
[02-Aug-2019 03:35:18 UTC] PHP Warning:  Use of undefined constant thumbnail - assumed 'thumbnail' (this will throw an Error in a future version of PHP) in /app/public/wp-content/mu-plugins/university-post-types.php on line 37
[02-Aug-2019 03:36:05 UTC] PHP Warning:  Use of undefined constant thumbnail - assumed 'thumbnail' (this will throw an Error in a future version of PHP) in /app/public/wp-content/mu-plugins/university-post-types.php on line 37
[02-Aug-2019 17:53:52 UTC] PHP Warning:  Invalid argument supplied for foreach() in /app/public/wp-content/themes/Work/single-event.php on line 24
[02-Aug-2019 17:53:52 UTC] PHP Warning:  Invalid argument supplied for foreach() in /app/public/wp-content/themes/Work/single-event.php on line 24
[02-Aug-2019 18:46:52 UTC] PHP Warning:  Invalid argument supplied for foreach() in /app/public/wp-content/themes/Work/single-event.php on line 24
[02-Aug-2019 18:46:53 UTC] PHP Warning:  Invalid argument supplied for foreach() in /app/public/wp-content/themes/Work/single-event.php on line 24
[02-Aug-2019 19:03:57 UTC] PHP Fatal error:  Uncaught Error: Call to undefined function language_attribute() in /app/public/wp-content/themes/Work/header.php:2
Stack trace:
#0 /app/public/wp-includes/template.php(722): require_once()
#1 /app/public/wp-includes/template.php(671): load_template('/app/public/wp-...', true)
#2 /app/public/wp-includes/general-template.php(41): locate_template(Array, true)
#3 /app/public/wp-content/themes/Work/front-page.php(1): get_header()
#4 /app/public/wp-includes/template-loader.php(78): include('/app/public/wp-...')
#5 /app/public/wp-blog-header.php(19): require_once('/app/public/wp-...')
#6 /app/public/index.php(17): require('/app/public/wp-...')
#7 {main}
  thrown in /app/public/wp-content/themes/Work/header.php on line 2
[02-Aug-2019 19:04:00 UTC] PHP Fatal error:  Uncaught Error: Call to undefined function language_attribute() in /app/public/wp-content/themes/Work/header.php:2
Stack trace:
#0 /app/public/wp-includes/template.php(722): require_once()
#1 /app/public/wp-includes/template.php(671): load_template('/app/public/wp-...', true)
#2 /app/public/wp-includes/general-template.php(41): locate_template(Array, true)
#3 /app/public/wp-content/themes/Work/front-page.php(1): get_header()
#4 /app/public/wp-includes/template-loader.php(78): include('/app/public/wp-...')
#5 /app/public/wp-blog-header.php(19): require_once('/app/public/wp-...')
#6 /app/public/index.php(17): require('/app/public/wp-...')
#7 {main}
  thrown in /app/public/wp-content/themes/Work/header.php on line 2
[02-Aug-2019 19:04:33 UTC] PHP Fatal error:  Uncaught Error: Call to undefined function language_attribute() in /app/public/wp-content/themes/Work/header.php:2
Stack trace:
#0 /app/public/wp-includes/template.php(722): require_once()
#1 /app/public/wp-includes/template.php(671): load_template('/app/public/wp-...', true)
#2 /app/public/wp-includes/general-template.php(41): locate_template(Array, true)
#3 /app/public/wp-content/themes/Work/front-page.php(1): get_header()
#4 /app/public/wp-includes/template-loader.php(78): include('/app/public/wp-...')
#5 /app/public/wp-blog-header.php(19): require_once('/app/public/wp-...')
#6 /app/public/index.php(17): require('/app/public/wp-...')
#7 {main}
  thrown in /app/public/wp-content/themes/Work/header.php on line 2
[09-Aug-2019 15:53:31 UTC] PHP Fatal error:  Uncaught ArgumentCountError: Too few arguments to function add_filter(), 1 passed in /app/public/wp-content/themes/Work/functions.php on line 119 and at least 2 expected in /app/public/wp-includes/plugin.php:108
Stack trace:
#0 /app/public/wp-content/themes/Work/functions.php(119): add_filter('login_headerurl')
#1 /app/public/wp-settings.php(499): include('/app/public/wp-...')
#2 /app/public/wp-config.php(76): require_once('/app/public/wp-...')
#3 /app/public/wp-load.php(37): require_once('/app/public/wp-...')
#4 /app/public/wp-blog-header.php(13): require_once('/app/public/wp-...')
#5 /app/public/index.php(17): require('/app/public/wp-...')
#6 {main}
  thrown in /app/public/wp-includes/plugin.php on line 108
[09-Aug-2019 15:54:40 UTC] PHP Fatal error:  Uncaught ArgumentCountError: Too few arguments to function add_filter(), 1 passed in /app/public/wp-content/themes/Work/functions.php on line 119 and at least 2 expected in /app/public/wp-includes/plugin.php:108
Stack trace:
#0 /app/public/wp-content/themes/Work/functions.php(119): add_filter('login_headerurl')
#1 /app/public/wp-settings.php(499): include('/app/public/wp-...')
#2 /app/public/wp-config.php(76): require_once('/app/public/wp-...')
#3 /app/public/wp-load.php(37): require_once('/app/public/wp-...')
#4 /app/public/wp-admin/admin-ajax.php(22): require_once('/app/public/wp-...')
#5 {main}
  thrown in /app/public/wp-includes/plugin.php on line 108
[09-Aug-2019 15:56:41 UTC] PHP Fatal error:  Uncaught ArgumentCountError: Too few arguments to function add_filter(), 1 passed in /app/public/wp-content/themes/Work/functions.php on line 119 and at least 2 expected in /app/public/wp-includes/plugin.php:108
Stack trace:
#0 /app/public/wp-content/themes/Work/functions.php(119): add_filter('login_headerurl')
#1 /app/public/wp-settings.php(499): include('/app/public/wp-...')
#2 /app/public/wp-config.php(76): require_once('/app/public/wp-...')
#3 /app/public/wp-load.php(37): require_once('/app/public/wp-...')
#4 /app/public/wp-admin/admin-ajax.php(22): require_once('/app/public/wp-...')
#5 {main}
  thrown in /app/public/wp-includes/plugin.php on line 108
[09-Aug-2019 15:58:42 UTC] PHP Fatal error:  Uncaught ArgumentCountError: Too few arguments to function add_filter(), 1 passed in /app/public/wp-content/themes/Work/functions.php on line 119 and at least 2 expected in /app/public/wp-includes/plugin.php:108
Stack trace:
#0 /app/public/wp-content/themes/Work/functions.php(119): add_filter('login_headerurl')
#1 /app/public/wp-settings.php(499): include('/app/public/wp-...')
#2 /app/public/wp-config.php(76): require_once('/app/public/wp-...')
#3 /app/public/wp-load.php(37): require_once('/app/public/wp-...')
#4 /app/public/wp-admin/admin-ajax.php(22): require_once('/app/public/wp-...')
#5 {main}
  thrown in /app/public/wp-includes/plugin.php on line 108
[09-Aug-2019 16:00:43 UTC] PHP Fatal error:  Uncaught ArgumentCountError: Too few arguments to function add_filter(), 1 passed in /app/public/wp-content/themes/Work/functions.php on line 119 and at least 2 expected in /app/public/wp-includes/plugin.php:108
Stack trace:
#0 /app/public/wp-content/themes/Work/functions.php(119): add_filter('login_headerurl')
#1 /app/public/wp-settings.php(499): include('/app/public/wp-...')
#2 /app/public/wp-config.php(76): require_once('/app/public/wp-...')
#3 /app/public/wp-load.php(37): require_once('/app/public/wp-...')
#4 /app/public/wp-admin/admin-ajax.php(22): require_once('/app/public/wp-...')
#5 {main}
  thrown in /app/public/wp-includes/plugin.php on line 108
[09-Aug-2019 16:02:26 UTC] PHP Fatal error:  Uncaught ArgumentCountError: Too few arguments to function add_filter(), 1 passed in /app/public/wp-content/themes/Work/functions.php on line 119 and at least 2 expected in /app/public/wp-includes/plugin.php:108
Stack trace:
#0 /app/public/wp-content/themes/Work/functions.php(119): add_filter('login_headerurl')
#1 /app/public/wp-settings.php(499): include('/app/public/wp-...')
#2 /app/public/wp-config.php(76): require_once('/app/public/wp-...')
#3 /app/public/wp-load.php(37): require_once('/app/public/wp-...')
#4 /app/public/wp-admin/admin-ajax.php(22): require_once('/app/public/wp-...')
#5 {main}
  thrown in /app/public/wp-includes/plugin.php on line 108
[09-Aug-2019 16:02:35 UTC] PHP Fatal error:  Uncaught ArgumentCountError: Too few arguments to function add_filter(), 1 passed in /app/public/wp-content/themes/Work/functions.php on line 119 and at least 2 expected in /app/public/wp-includes/plugin.php:108
Stack trace:
#0 /app/public/wp-content/themes/Work/functions.php(119): add_filter('login_headerurl')
#1 /app/public/wp-settings.php(499): include('/app/public/wp-...')
#2 /app/public/wp-config.php(76): require_once('/app/public/wp-...')
#3 /app/public/wp-load.php(37): require_once('/app/public/wp-...')
#4 /app/public/wp-blog-header.php(13): require_once('/app/public/wp-...')
#5 /app/public/index.php(17): require('/app/public/wp-...')
#6 {main}
  thrown in /app/public/wp-includes/plugin.php on line 108
[09-Aug-2019 16:03:27 UTC] PHP Fatal error:  Uncaught ArgumentCountError: Too few arguments to function add_filter(), 1 passed in /app/public/wp-content/themes/Work/functions.php on line 119 and at least 2 expected in /app/public/wp-includes/plugin.php:108
Stack trace:
#0 /app/public/wp-content/themes/Work/functions.php(119): add_filter('login_headerurl')
#1 /app/public/wp-settings.php(499): include('/app/public/wp-...')
#2 /app/public/wp-config.php(76): require_once('/app/public/wp-...')
#3 /app/public/wp-load.php(37): require_once('/app/public/wp-...')
#4 /app/public/wp-admin/admin-ajax.php(22): require_once('/app/public/wp-...')
#5 {main}
  thrown in /app/public/wp-includes/plugin.php on line 108
[09-Aug-2019 16:05:28 UTC] PHP Fatal error:  Uncaught ArgumentCountError: Too few arguments to function add_filter(), 1 passed in /app/public/wp-content/themes/Work/functions.php on line 119 and at least 2 expected in /app/public/wp-includes/plugin.php:108
Stack trace:
#0 /app/public/wp-content/themes/Work/functions.php(119): add_filter('login_headerurl')
#1 /app/public/wp-settings.php(499): include('/app/public/wp-...')
#2 /app/public/wp-config.php(76): require_once('/app/public/wp-...')
#3 /app/public/wp-load.php(37): require_once('/app/public/wp-...')
#4 /app/public/wp-admin/admin-ajax.php(22): require_once('/app/public/wp-...')
#5 {main}
  thrown in /app/public/wp-includes/plugin.php on line 108
[09-Aug-2019 16:07:29 UTC] PHP Fatal error:  Uncaught ArgumentCountError: Too few arguments to function add_filter(), 1 passed in /app/public/wp-content/themes/Work/functions.php on line 119 and at least 2 expected in /app/public/wp-includes/plugin.php:108
Stack trace:
#0 /app/public/wp-content/themes/Work/functions.php(119): add_filter('login_headerurl')
#1 /app/public/wp-settings.php(499): include('/app/public/wp-...')
#2 /app/public/wp-config.php(76): require_once('/app/public/wp-...')
#3 /app/public/wp-load.php(37): require_once('/app/public/wp-...')
#4 /app/public/wp-admin/admin-ajax.php(22): require_once('/app/public/wp-...')
#5 {main}
  thrown in /app/public/wp-includes/plugin.php on line 108
[09-Aug-2019 16:09:30 UTC] PHP Fatal error:  Uncaught ArgumentCountError: Too few arguments to function add_filter(), 1 passed in /app/public/wp-content/themes/Work/functions.php on line 119 and at least 2 expected in /app/public/wp-includes/plugin.php:108
Stack trace:
#0 /app/public/wp-content/themes/Work/functions.php(119): add_filter('login_headerurl')
#1 /app/public/wp-settings.php(499): include('/app/public/wp-...')
#2 /app/public/wp-config.php(76): require_once('/app/public/wp-...')
#3 /app/public/wp-load.php(37): require_once('/app/public/wp-...')
#4 /app/public/wp-admin/admin-ajax.php(22): require_once('/app/public/wp-...')
#5 {main}
  thrown in /app/public/wp-includes/plugin.php on line 108
[09-Aug-2019 16:11:31 UTC] PHP Fatal error:  Uncaught ArgumentCountError: Too few arguments to function add_filter(), 1 passed in /app/public/wp-content/themes/Work/functions.php on line 119 and at least 2 expected in /app/public/wp-includes/plugin.php:108
Stack trace:
#0 /app/public/wp-content/themes/Work/functions.php(119): add_filter('login_headerurl')
#1 /app/public/wp-settings.php(499): include('/app/public/wp-...')
#2 /app/public/wp-config.php(76): require_once('/app/public/wp-...')
#3 /app/public/wp-load.php(37): require_once('/app/public/wp-...')
#4 /app/public/wp-admin/admin-ajax.php(22): require_once('/app/public/wp-...')
#5 {main}
  thrown in /app/public/wp-includes/plugin.php on line 108
[09-Aug-2019 16:19:03 UTC] PHP Fatal error:  Uncaught ArgumentCountError: Too few arguments to function add_filter(), 1 passed in /app/public/wp-content/themes/Work/functions.php on line 120 and at least 2 expected in /app/public/wp-includes/plugin.php:108
Stack trace:
#0 /app/public/wp-content/themes/Work/functions.php(120): add_filter('login_headerurl')
#1 /app/public/wp-settings.php(499): include('/app/public/wp-...')
#2 /app/public/wp-config.php(76): require_once('/app/public/wp-...')
#3 /app/public/wp-load.php(37): require_once('/app/public/wp-...')
#4 /app/public/wp-admin/admin-ajax.php(22): require_once('/app/public/wp-...')
#5 {main}
  thrown in /app/public/wp-includes/plugin.php on line 108
[09-Aug-2019 16:19:16 UTC] PHP Fatal error:  Uncaught ArgumentCountError: Too few arguments to function add_filter(), 1 passed in /app/public/wp-content/themes/Work/functions.php on line 120 and at least 2 expected in /app/public/wp-includes/plugin.php:108
Stack trace:
#0 /app/public/wp-content/themes/Work/functions.php(120): add_filter('login_headerurl')
#1 /app/public/wp-settings.php(499): include('/app/public/wp-...')
#2 /app/public/wp-config.php(76): require_once('/app/public/wp-...')
#3 /app/public/wp-load.php(37): require_once('/app/public/wp-...')
#4 /app/public/wp-blog-header.php(13): require_once('/app/public/wp-...')
#5 /app/public/index.php(17): require('/app/public/wp-...')
#6 {main}
  thrown in /app/public/wp-includes/plugin.php on line 108
[09-Aug-2019 16:20:03 UTC] PHP Fatal error:  Uncaught ArgumentCountError: Too few arguments to function add_filter(), 1 passed in /app/public/wp-content/themes/Work/functions.php on line 120 and at least 2 expected in /app/public/wp-includes/plugin.php:108
Stack trace:
#0 /app/public/wp-content/themes/Work/functions.php(120): add_filter('login_headerurl')
#1 /app/public/wp-settings.php(499): include('/app/public/wp-...')
#2 /app/public/wp-config.php(76): require_once('/app/public/wp-...')
#3 /app/public/wp-load.php(37): require_once('/app/public/wp-...')
#4 /app/public/wp-admin/admin-ajax.php(22): require_once('/app/public/wp-...')
#5 {main}
  thrown in /app/public/wp-includes/plugin.php on line 108
[09-Aug-2019 16:21:22 UTC] PHP Fatal error:  Uncaught ArgumentCountError: Too few arguments to function add_filter(), 1 passed in /app/public/wp-content/themes/Work/functions.php on line 120 and at least 2 expected in /app/public/wp-includes/plugin.php:108
Stack trace:
#0 /app/public/wp-content/themes/Work/functions.php(120): add_filter('login_headerurl')
#1 /app/public/wp-settings.php(499): include('/app/public/wp-...')
#2 /app/public/wp-config.php(76): require_once('/app/public/wp-...')
#3 /app/public/wp-load.php(37): require_once('/app/public/wp-...')
#4 /app/public/wp-admin/admin-ajax.php(22): require_once('/app/public/wp-...')
#5 {main}
  thrown in /app/public/wp-includes/plugin.php on line 108
[09-Aug-2019 16:21:29 UTC] PHP Fatal error:  Uncaught ArgumentCountError: Too few arguments to function add_filter(), 1 passed in /app/public/wp-content/themes/Work/functions.php on line 120 and at least 2 expected in /app/public/wp-includes/plugin.php:108
Stack trace:
#0 /app/public/wp-content/themes/Work/functions.php(120): add_filter('login_headerurl')
#1 /app/public/wp-settings.php(499): include('/app/public/wp-...')
#2 /app/public/wp-config.php(76): require_once('/app/public/wp-...')
#3 /app/public/wp-load.php(37): require_once('/app/public/wp-...')
#4 /app/public/wp-blog-header.php(13): require_once('/app/public/wp-...')
#5 /app/public/index.php(17): require('/app/public/wp-...')
#6 {main}
  thrown in /app/public/wp-includes/plugin.php on line 108
[09-Aug-2019 16:22:23 UTC] PHP Fatal error:  Uncaught ArgumentCountError: Too few arguments to function add_filter(), 1 passed in /app/public/wp-content/themes/Work/functions.php on line 120 and at least 2 expected in /app/public/wp-includes/plugin.php:108
Stack trace:
#0 /app/public/wp-content/themes/Work/functions.php(120): add_filter('login_headerurl')
#1 /app/public/wp-settings.php(499): include('/app/public/wp-...')
#2 /app/public/wp-config.php(76): require_once('/app/public/wp-...')
#3 /app/public/wp-load.php(37): require_once('/app/public/wp-...')
#4 /app/public/wp-admin/admin-ajax.php(22): require_once('/app/public/wp-...')
#5 {main}
  thrown in /app/public/wp-includes/plugin.php on line 108
[09-Aug-2019 16:22:44 UTC] PHP Fatal error:  Uncaught ArgumentCountError: Too few arguments to function add_filter(), 1 passed in /app/public/wp-content/themes/Work/functions.php on line 120 and at least 2 expected in /app/public/wp-includes/plugin.php:108
Stack trace:
#0 /app/public/wp-content/themes/Work/functions.php(120): add_filter('login_headerUrl')
#1 /app/public/wp-settings.php(499): include('/app/public/wp-...')
#2 /app/public/wp-config.php(76): require_once('/app/public/wp-...')
#3 /app/public/wp-load.php(37): require_once('/app/public/wp-...')
#4 /app/public/wp-blog-header.php(13): require_once('/app/public/wp-...')
#5 /app/public/index.php(17): require('/app/public/wp-...')
#6 {main}
  thrown in /app/public/wp-includes/plugin.php on line 108
[09-Aug-2019 16:23:24 UTC] PHP Fatal error:  Uncaught ArgumentCountError: Too few arguments to function add_filter(), 1 passed in /app/public/wp-content/themes/Work/functions.php on line 120 and at least 2 expected in /app/public/wp-includes/plugin.php:108
Stack trace:
#0 /app/public/wp-content/themes/Work/functions.php(120): add_filter('login_headerUrl')
#1 /app/public/wp-settings.php(499): include('/app/public/wp-...')
#2 /app/public/wp-config.php(76): require_once('/app/public/wp-...')
#3 /app/public/wp-load.php(37): require_once('/app/public/wp-...')
#4 /app/public/wp-admin/admin-ajax.php(22): require_once('/app/public/wp-...')
#5 {main}
  thrown in /app/public/wp-includes/plugin.php on line 108
[09-Aug-2019 16:54:56 UTC] PHP Parse error:  syntax error, unexpected '=', expecting ')' in /app/public/wp-content/mu-plugins/university-post-types.php on line 56
[09-Aug-2019 17:00:39 UTC] PHP Fatal error:  Uncaught Error: Call to undefined function is_uer_logged_in() in /app/public/wp-content/themes/Work/page-my-notes.php:3
Stack trace:
#0 /app/public/wp-includes/template-loader.php(78): include()
#1 /app/public/wp-blog-header.php(19): require_once('/app/public/wp-...')
#2 /app/public/index.php(17): require('/app/public/wp-...')
#3 {main}
  thrown in /app/public/wp-content/themes/Work/page-my-notes.php on line 3
[09-Aug-2019 17:44:16 UTC] PHP Fatal error:  Uncaught Error: Call to undefined function gt_current_user_id() in /app/public/wp-content/themes/Work/page-my-notes.php:23
Stack trace:
#0 /app/public/wp-includes/template-loader.php(78): include()
#1 /app/public/wp-blog-header.php(19): require_once('/app/public/wp-...')
#2 /app/public/index.php(17): require('/app/public/wp-...')
#3 {main}
  thrown in /app/public/wp-content/themes/Work/page-my-notes.php on line 23
[09-Aug-2019 17:44:16 UTC] PHP Fatal error:  Uncaught Error: Call to undefined function gt_current_user_id() in /app/public/wp-content/themes/Work/page-my-notes.php:23
Stack trace:
#0 /app/public/wp-includes/template-loader.php(78): include()
#1 /app/public/wp-blog-header.php(19): require_once('/app/public/wp-...')
#2 /app/public/index.php(17): require('/app/public/wp-...')
#3 {main}
  thrown in /app/public/wp-content/themes/Work/page-my-notes.php on line 23
[10-Aug-2019 03:11:48 UTC] WordPress database error Server shutdown in progress for query SELECT option_value FROM wp_options WHERE option_name = '_transient_timeout_doing_cron' LIMIT 1 made by include('phar:///usr/local/bin/wp/php/boot-phar.php'), include('phar:///usr/local/bin/wp/vendor/wp-cli/wp-cli/php/wp-cli.php'), WP_CLI\bootstrap, WP_CLI\Bootstrap\LaunchRunner->process, WP_CLI\Runner->start, WP_CLI\Runner->load_wordpress, require('wp-settings.php'), do_action('init'), WP_Hook->do_action, WP_Hook->apply_filters, wp_cron, spawn_cron, get_transient, get_option
[10-Aug-2019 03:11:48 UTC] PHP Warning:  Error while sending QUERY packet. PID=27213 in /app/public/wp-includes/wp-db.php on line 2007
[10-Aug-2019 03:11:48 UTC] WordPress database error Server shutdown in progress for query SELECT option_value FROM wp_options WHERE option_name = 'members_settings' LIMIT 1 made by include('phar:///usr/local/bin/wp/php/boot-phar.php'), include('phar:///usr/local/bin/wp/vendor/wp-cli/wp-cli/php/wp-cli.php'), WP_CLI\bootstrap, WP_CLI\Bootstrap\LaunchRunner->process, WP_CLI\Runner->start, WP_CLI\Runner->load_wordpress, require('wp-settings.php'), include_once('/plugins/members/members.php'), members_plugin, Members_Plugin::get_instance, Members_Plugin->includes, require_once('/plugins/members/inc/functions-users.php'), members_explicitly_deny_caps, members_get_setting, get_option
[10-Aug-2019 03:11:48 UTC] PHP Warning:  Error while sending QUERY packet. PID=27279 in /app/public/wp-includes/wp-db.php on line 2007
[11-Aug-2019 18:21:15 UTC] PHP Parse error:  syntax error, unexpected ';' in /app/public/wp-content/themes/Work/functions.php on line 153
[11-Aug-2019 18:23:11 UTC] PHP Parse error:  syntax error, unexpected ';' in /app/public/wp-content/themes/Work/functions.php on line 153
[11-Aug-2019 18:23:16 UTC] PHP Parse error:  syntax error, unexpected ';' in /app/public/wp-content/themes/Work/functions.php on line 153
[11-Aug-2019 18:23:59 UTC] PHP Parse error:  syntax error, unexpected '$data' (T_VARIABLE) in /app/public/wp-content/themes/Work/functions.php on line 154
[11-Aug-2019 18:24:18 UTC] PHP Parse error:  syntax error, unexpected '$data' (T_VARIABLE) in /app/public/wp-content/themes/Work/functions.php on line 154
[11-Aug-2019 18:25:18 UTC] PHP Parse error:  syntax error, unexpected '$data' (T_VARIABLE) in /app/public/wp-content/themes/Work/functions.php on line 154
